Oct 28, 2022 15:40:16.799 [0x7f47a16afb38] INFO - Plex Tuner Service v1.29.1.6316-f4cdfea9c - Docker Docker Container (LinuxServer.io) x86_64 - build: 
Oct 28, 2022 15:40:16.800 [0x7f47a16afb38] INFO - Linux version: 5.10.16.3-microsoft-standard-WSL2 (#1 SMP Fri Apr 2 22:23:49 UTC 2021), language: en-US
Oct 28, 2022 15:40:16.800 [0x7f47a16afb38] INFO - Processor Intel(R) Core(TM) i5-9300HF CPU @ 2.40GHz
Oct 28, 2022 15:40:16.800 [0x7f47a16afb38] INFO - /usr/lib/plexmediaserver/Plex Tuner Service /usr/lib/plexmediaserver/Resources/Tuner/Private /usr/lib/plexmediaserver/Resources/Tuner/Shared 1.29.1.6316-f4cdfea9c 32600
Oct 28, 2022 15:40:16.782 [0x7f47a30b3808] INFO - [I] broker_t::start...
Oct 28, 2022 15:40:16.785 [0x7f47a30b3808] INFO - [I] device_manager_t::init.
Oct 28, 2022 15:40:16.785 [0x7f47a30b3808] INFO - [I] device_manager_t::init. Initialize provider manager
Oct 28, 2022 15:40:16.785 [0x7f47a30b3808] INFO - [I] device_manager_t::init. Initialize all device auxes
Oct 28, 2022 15:40:16.785 [0x7f47a30b3808] INFO - [I] dvb_device_factory_t::get_aux_list
Oct 28, 2022 15:40:16.786 [0x7f47a30b3808] INFO - [I] tvbutler_aux_t::init
Oct 28, 2022 15:40:16.787 [0x7f47a30b3808] INFO - [I] web_server_t::start. Starting web server on port 32600
Oct 28, 2022 15:40:18.786 [0x7f47a0c2fb38] DEBUG - Job running: './CrashUploader' '--directory=/config/Library/Application Support/Plex Media Server/Crash Reports/1.29.1.6316-f4cdfea9c' '--version=1.29.1.6316-f4cdfea9c' '--platform=Linux' '--platformVersion=5.10.16.3-microsoft-standard-WSL2 (#1 SMP Fri Apr 2 22:23:49 UTC 2021)' '--serverUuid=11e7817324ef984cf2fa3a3eea5330d6d10f44d4' '--userId=charpentiervincent151000@gmail.com' '--sentryUrl=https://sentry.io/api/1233455/minidump' '--sentryKey=a3e2688bd169450d821535e4c3a607bf' '--vendor=Docker' '--model=x86_64' '--device=Docker Container (LinuxServer.io)' '--allowRetries=0'
Oct 28, 2022 15:40:18.787 [0x7f47a0b2cb38] ERROR - JobManager: child process returned: 2 (No such file or directory)
Oct 28, 2022 15:40:24.982 [0x7f47a1447b38] INFO - [I] web_service_t::process_device_discovery
Oct 28, 2022 15:40:24.982 [0x7f47a1447b38] INFO - [I] device_reactor_t::get_device_list ()
Oct 28, 2022 15:40:26.990 [0x7f47a1447b38] INFO - [I] SAT2IP - discover_satip_servers(): no servers found
Oct 28, 2022 15:40:27.413 [0x7f47a1447b38] INFO - [I] v4l::DeviceGetList_impl. getting v4l device list
Oct 28, 2022 15:40:27.415 [0x7f47a1447b38] INFO - [I] onetv_factory::DeviceGetListEx >>
Oct 28, 2022 15:40:27.415 [0x7f47a1447b38] WARN - [W] onetv_factory::DeviceGetListEx. libusb_init returned an error -99
Oct 28, 2022 15:41:09.895 [0x7f47a30b3808] INFO - Received SIGINT: Interrupt from keyboard.
Oct 28, 2022 15:41:09.931 [0x7f47a30b3808] INFO - [I] device_manager_t::term
Oct 28, 2022 15:41:09.931 [0x7f47a30b3808] INFO - [I] device_manager_t::term. Stop all devices
Oct 28, 2022 15:41:09.931 [0x7f47a30b3808] INFO - [I] device_manager_t::term. Shut down all device auxes
Oct 28, 2022 15:41:09.931 [0x7f47a30b3808] INFO - [I] tvbutler_aux_t::term
