Oct 28, 2022 16:06:22.403 [0x7f2221cffb38] INFO - Plex Media Server v1.29.1.6316-f4cdfea9c - Docker Docker Container (LinuxServer.io) x86_64 - build: linux-x86_64 debian - GMT 00:00
Oct 28, 2022 16:06:22.403 [0x7f2221cffb38] INFO - Linux version: 5.10.16.3-microsoft-standard-WSL2, language: en-US
Oct 28, 2022 16:06:22.404 [0x7f2221cffb38] INFO - Processor: 8-core Intel(R) Core(TM) i5-9300HF CPU @ 2.40GHz
Oct 28, 2022 16:06:22.404 [0x7f2221cffb38] INFO - Compiler is - Clang 11.0.1 (https://plex.tv 9b997da8e5b47bdb4a9425b3a3b290be393b4b1f)
Oct 28, 2022 16:06:22.404 [0x7f2221cffb38] INFO - /usr/lib/plexmediaserver/Plex Media Server
Oct 28, 2022 16:06:22.363 [0x7f22256116f0] DEBUG - BPQ: [Idle] -> [Starting]
Oct 28, 2022 16:06:22.388 [0x7f22256116f0] DEBUG - FeatureManager: Using cached data for features list
Oct 28, 2022 16:06:22.415 [0x7f22256116f0] DEBUG - [CERT] Subject name is /CN=*.ac33f81df01748c4a72a62b8e6d917e2.plex.direct
Oct 28, 2022 16:06:22.415 [0x7f22256116f0] DEBUG - [CERT] Installed certificate with fingerprint 2a:7f:69:4b:38:9b:67:1e:ee:95:f4:69:7d:fb:09:da:8c:dc:b1:06.
Oct 28, 2022 16:06:22.415 [0x7f22256116f0] DEBUG - [CERT/OCSP] Stapling requests will be made to 'http://r3.o.lencr.org/'.
Oct 28, 2022 16:06:22.422 [0x7f22256116f0] INFO - [CERT/OCSP] Successfully retrieved response from cache.
Oct 28, 2022 16:06:22.422 [0x7f22256116f0] DEBUG - HttpServer: Listening on IPv6 as well as IPv4.
Oct 28, 2022 16:06:22.422 [0x7f22256116f0] DEBUG - HttpServer: Listening on port 32400.
Oct 28, 2022 16:06:22.422 [0x7f22256116f0] DEBUG - HttpServer: Listening on port 32401.
Oct 28, 2022 16:06:22.422 [0x7f22256116f0] DEBUG - Running server...
Oct 28, 2022 16:06:22.422 [0x7f22256116f0] DEBUG - Opening 20 database sessions to library (com.plexapp.plugins.library), SQLite 3.35.5, threadsafe=1
Oct 28, 2022 16:06:22.422 [0x7f22213a9b38] DEBUG - HttpServer: Set up a thread pool with 2 threads.
Oct 28, 2022 16:06:22.754 [0x7f22256116f0] INFO - Running migrations. (EPG 0)
Oct 28, 2022 16:06:22.756 [0x7f22256116f0] DEBUG - Captured session 0.
Oct 28, 2022 16:06:22.756 [0x7f22256116f0] DEBUG - Captured session 1.
Oct 28, 2022 16:06:22.756 [0x7f22256116f0] DEBUG - Captured session 2.
Oct 28, 2022 16:06:22.756 [0x7f22256116f0] DEBUG - Captured session 3.
Oct 28, 2022 16:06:22.756 [0x7f22256116f0] DEBUG - Captured session 4.
Oct 28, 2022 16:06:22.756 [0x7f22256116f0] DEBUG - Captured session 5.
Oct 28, 2022 16:06:22.756 [0x7f22256116f0] DEBUG - Captured session 6.
Oct 28, 2022 16:06:22.756 [0x7f22256116f0] DEBUG - Captured session 7.
Oct 28, 2022 16:06:22.756 [0x7f22256116f0] DEBUG - Captured session 8.
Oct 28, 2022 16:06:22.756 [0x7f22256116f0] DEBUG - Captured session 9.
Oct 28, 2022 16:06:22.756 [0x7f22256116f0] DEBUG - Captured session 10.
Oct 28, 2022 16:06:22.756 [0x7f22256116f0] DEBUG - Captured session 11.
Oct 28, 2022 16:06:22.756 [0x7f22256116f0] DEBUG - Captured session 12.
Oct 28, 2022 16:06:22.756 [0x7f22256116f0] DEBUG - Captured session 13.
Oct 28, 2022 16:06:22.756 [0x7f22256116f0] DEBUG - Captured session 14.
Oct 28, 2022 16:06:22.756 [0x7f22256116f0] DEBUG - Captured session 15.
Oct 28, 2022 16:06:22.756 [0x7f22256116f0] DEBUG - Captured session 16.
Oct 28, 2022 16:06:22.756 [0x7f22256116f0] DEBUG - Captured session 17.
Oct 28, 2022 16:06:22.756 [0x7f22256116f0] DEBUG - Captured session 18.
Oct 28, 2022 16:06:22.756 [0x7f22256116f0] DEBUG - Captured session 19.
Oct 28, 2022 16:06:22.777 [0x7f22256116f0] DEBUG - ChangestampAllocator: initialized to 0
Oct 28, 2022 16:06:22.779 [0x7f22256116f0] DEBUG - Opening 2 database sessions to library (com.plexapp.plugins.library.blobs), SQLite 3.35.5, threadsafe=1
Oct 28, 2022 16:06:22.838 [0x7f22256116f0] INFO - Running migrations. (EPG 0)
Oct 28, 2022 16:06:22.840 [0x7f22256116f0] DEBUG - Captured session 0.
Oct 28, 2022 16:06:22.840 [0x7f22256116f0] DEBUG - Captured session 1.
Oct 28, 2022 16:06:23.035 [0x7f2220abbb38] DEBUG - Grabber: Cleaning up orphaned grabs.
Oct 28, 2022 16:06:23.036 [0x7f2220abbb38] DEBUG - Grabber: Cleaned up 0 decrepit directories in 0.0 sec.
Oct 28, 2022 16:06:23.037 [0x7f22256116f0] DEBUG - Media Provider: Registering provider com.plexapp.plugins.library
Oct 28, 2022 16:06:23.037 [0x7f2220abbb38] DEBUG - MyPlex: mapping state set to 'Unknown'.
Oct 28, 2022 16:06:23.037 [0x7f22256116f0] DEBUG - Auth: Refreshing tokens inside the token-based authentication filter.
Oct 28, 2022 16:06:23.039 [0x7f2220abbb38] DEBUG - Relay: read 0 cached entries from hosts file
Oct 28, 2022 16:06:23.044 [0x7f2220abbb38] DEBUG - [MediaProviderManager/HCl#1] HTTP requesting GET https://plex.tv/media/providers?X-Plex-Token=xxxxxxxxxxxxxxxxxxxx
Oct 28, 2022 16:06:23.046 [0x7f22256116f0] DEBUG - MyPlex: using cached data for request for https://plex.tv/api/v2/server/access_tokens?auth_token=xxxxxxxxxxxxxxxxxxxx
Oct 28, 2022 16:06:23.050 [0x7f22256116f0] DEBUG - MyPlex: updating with 5 access tokens
Oct 28, 2022 16:06:23.053 [0x7f22256116f0] DEBUG - MyPlex: using cached data for request for https://plex.tv/api/v2/server/users?auth_token=xxxxxxxxxxxxxxxxxxxx
Oct 28, 2022 16:06:23.059 [0x7f22256116f0] DEBUG - MyPlex: using cached data for request for https://plex.tv/api/v2/server/users/subscriptions?auth_token=xxxxxxxxxxxxxxxxxxxx
Oct 28, 2022 16:06:23.063 [0x7f22256116f0] DEBUG - MyPlex: no cached data to load for request for https://plex.tv/api/v2/server/users/services?auth_token=xxxxxxxxxxxxxxxxxxxx
Oct 28, 2022 16:06:23.063 [0x7f222018cb38] DEBUG - Auth: Refreshing tokens inside the token-based authentication filter.
Oct 28, 2022 16:06:23.063 [0x7f222018cb38] DEBUG - [HCl#2] HTTP requesting GET https://plex.tv/api/v2/server/access_tokens?auth_token=xxxxxxxxxxxxxxxxxxxx
Oct 28, 2022 16:06:23.064 [0x7f22256116f0] DEBUG - Opening 1 database sessions to library (), SQLite 3.35.5, threadsafe=1
Oct 28, 2022 16:06:23.066 [0x7f221fd57b38] DEBUG - File "/usr/lib/plexmediaserver/Resources/Plug-ins-f4cdfea9c" changed: -1 => 2022-10-22 12:45:59 (1666442759).
Oct 28, 2022 16:06:23.068 [0x7f221fd57b38] DEBUG - File "/config/Library/Application Support/Plex Media Server/Plug-ins" changed: -1 => 2022-10-28 15:20:12 (1666970412).
Oct 28, 2022 16:06:23.068 [0x7f221fd57b38] DEBUG - Scanning for plug-ins in "/usr/lib/plexmediaserver/Resources/Plug-ins-f4cdfea9c"
Oct 28, 2022 16:06:23.070 [0x7f221fd57b38] DEBUG - Not starting plug-in with duplicate identifier: com.plexapp.plugins.webclient found in: /usr/lib/plexmediaserver/Resources/Plug-ins-f4cdfea9c/ServerManager.bundle
Oct 28, 2022 16:06:23.070 [0x7f221fd57b38] DEBUG - Scanning for plug-ins in "/config/Library/Application Support/Plex Media Server/Plug-ins"
Oct 28, 2022 16:06:23.074 [0x7f221fd57b38] DEBUG - PluginRepository::setStartState: 1, startingSystem
Oct 28, 2022 16:06:23.074 [0x7f221fd57b38] DEBUG - Starting plug-in /usr/lib/plexmediaserver/Resources/Plug-ins-f4cdfea9c/System.bundle.
Oct 28, 2022 16:06:23.074 [0x7f221fd57b38] DEBUG - [com.plexapp.system] Setting plug-in to always running (daemon mode).
Oct 28, 2022 16:06:23.077 [0x7f221fd57b38] DEBUG - Starting file watcher for com.plexapp.system
Oct 28, 2022 16:06:23.077 [0x7f221fd57b38] DEBUG - Plugin: setting environment variable: 'PYTHONHOME=/usr/lib/plexmediaserver/Resources/Python'
Oct 28, 2022 16:06:23.077 [0x7f221fd57b38] DEBUG - Plugin: setting environment variable: 'PYTHONPATH=/usr/lib/plexmediaserver/Resources/Python/python27.zip:/usr/lib/plexmediaserver/Resources/Python/lib/python2.7/site-packages'
Oct 28, 2022 16:06:23.080 [0x7f221fd57b38] DEBUG - Spawned plug-in com.plexapp.system with PID 169
Oct 28, 2022 16:06:23.080 [0x7f221fd57b38] DEBUG - [com.plexapp.system] Sending command: GET /:/prefixes
Oct 28, 2022 16:06:23.161 [0x7f22207a4b38] DEBUG - [HttpClient/HCl#1] HTTP/2.0 (0.1s) 200 response from GET https://plex.tv/media/providers?X-Plex-Token=xxxxxxxxxxxxxxxxxxxx
Oct 28, 2022 16:06:23.162 [0x7f2220abbb38] DEBUG - [MediaProviderManager/HCl#3] HTTP requesting GET https://plex.tv/media/providers?X-Plex-Token=xxxxxxxxxxxxxxxxxxxx
Oct 28, 2022 16:06:23.173 [0x7f22207a4b38] DEBUG - [HttpClient/HCl#2] HTTP/2.0 (0.1s) 200 response from GET https://plex.tv/api/v2/server/access_tokens?auth_token=xxxxxxxxxxxxxxxxxxxx
Oct 28, 2022 16:06:23.182 [0x7f222018cb38] DEBUG - MyPlex: updating with 5 access tokens
Oct 28, 2022 16:06:23.182 [0x7f222018cb38] DEBUG - [HCl#4] HTTP requesting GET https://plex.tv/api/v2/server/users?auth_token=xxxxxxxxxxxxxxxxxxxx
Oct 28, 2022 16:06:23.198 [0x7f22207a4b38] DEBUG - [HttpClient/HCl#3] HTTP/2.0 (0.0s) 200 response from GET https://plex.tv/media/providers?X-Plex-Token=xxxxxxxxxxxxxxxxxxxx (reused)
Oct 28, 2022 16:06:23.199 [0x7f2220abbb38] DEBUG - [MediaProviderManager/HCl#5] HTTP requesting GET https://plex.tv/media/providers?X-Plex-Token=xxxxxxxxxxxxxxxxxxxx
Oct 28, 2022 16:06:23.236 [0x7f22207a4b38] DEBUG - [HttpClient/HCl#5] HTTP/2.0 (0.0s) 200 response from GET https://plex.tv/media/providers?X-Plex-Token=xxxxxxxxxxxxxxxxxxxx (reused)
Oct 28, 2022 16:06:23.236 [0x7f2220abbb38] DEBUG - [MediaProviderManager] discovered cloud provider (Movies & TV)
Oct 28, 2022 16:06:23.236 [0x7f2220abbb38] DEBUG - [MediaProviderManager] discovered cloud provider (Music)
Oct 28, 2022 16:06:23.236 [0x7f2220abbb38] DEBUG - [MediaProviderManager] discovered cloud provider (Metadata)
Oct 28, 2022 16:06:23.236 [0x7f2220390b38] DEBUG - [MediaProviderManager/HCl#6] HTTP requesting GET https://vod.provider.plex.tv
Oct 28, 2022 16:06:23.236 [0x7f2220abbb38] DEBUG - [MediaProviderManager] loading cloud provider details (Metadata) (alive: 0)
Oct 28, 2022 16:06:23.236 [0x7f221ff7fb38] DEBUG - [MediaProviderManager/HCl#8] HTTP requesting GET https://music.provider.plex.tv
Oct 28, 2022 16:06:23.308 [0x7f22216aeb38] DEBUG - Request: didn't get any data from [::ffff:127.0.0.1]:59190: End of file
Oct 28, 2022 16:06:23.324 [0x7f22207a4b38] DEBUG - [HttpClient/HCl#6] HTTP/2.0 (0.1s) 200 response from GET https://vod.provider.plex.tv
Oct 28, 2022 16:06:23.331 [0x7f2220abbb38] WARN - [MediaProviderManager] Unrecognized MediaProvider feature: availability
Oct 28, 2022 16:06:23.332 [0x7f2220abbb38] WARN - [MediaProviderManager] Unrecognized MediaProvider feature: availability-platforms
Oct 28, 2022 16:06:23.332 [0x7f2220abbb38] DEBUG - [MediaProviderManager] loading cloud provider details (Music) (alive: 0)
Oct 28, 2022 16:06:23.332 [0x7f2220abbb38] DEBUG - [MediaProviderManager/HCl#a] HTTP requesting GET https://music.provider.plex.tv
Oct 28, 2022 16:06:23.332 [0x7f22207a4b38] DEBUG - [HttpClient/HCl#8] HTTP/2.0 (0.1s) 200 response from GET https://music.provider.plex.tv
Oct 28, 2022 16:06:23.347 [0x7f2220390b38] WARN - [MediaProviderManager] Unrecognized MediaProvider feature: availability
Oct 28, 2022 16:06:23.347 [0x7f2220390b38] WARN - [MediaProviderManager] Unrecognized MediaProvider feature: availability-platforms
Oct 28, 2022 16:06:23.354 [0x7f22207a4b38] DEBUG - [HttpClient/HCl#a] HTTP/2.0 (0.0s) 200 response from GET https://music.provider.plex.tv (reused)
Oct 28, 2022 16:06:23.355 [0x7f2220abbb38] DEBUG - [MediaProviderManager] loading cloud provider details (Movies & TV) (alive: 1)
Oct 28, 2022 16:06:23.355 [0x7f2220abbb38] DEBUG - [MediaProviderManager] we had 0 cloud providers online, we now have 3
Oct 28, 2022 16:06:23.355 [0x7f2220abbb38] DEBUG - [MediaProviderManager] cloud provider (Metadata) is online and available
Oct 28, 2022 16:06:23.355 [0x7f2220abbb38] DEBUG - [MediaProviderManager] cloud provider (Music) is online and available
Oct 28, 2022 16:06:23.355 [0x7f2220abbb38] DEBUG - [MediaProviderManager] cloud provider (Movies & TV) is online and available
Oct 28, 2022 16:06:23.959 [0x7f221f49bb38] DEBUG - Request: [127.0.0.1:59194 (Loopback)] GET /:/plugins/com.plexapp.system/messaging/function/X0J1bmRsZVNlcnZpY2U6QWxsU2VydmljZXM_/Y2VyZWFsMQoxCmxpc3QKMApyMAo_/Y2VyZWFsMQoxCmRpY3QKMApyMAo_ (3 live) #3 GZIP Token ()
Oct 28, 2022 16:06:23.959 [0x7f22216aeb38] DEBUG - Completed: [127.0.0.1:59194] 503 GET /:/plugins/com.plexapp.system/messaging/function/X0J1bmRsZVNlcnZpY2U6QWxsU2VydmljZXM_/Y2VyZWFsMQoxCmxpc3QKMApyMAo_/Y2VyZWFsMQoxCmRpY3QKMApyMAo_ (3 live) GZIP 0ms 436 bytes
Oct 28, 2022 16:06:23.962 [0x7f221f49bb38] DEBUG - Request: [127.0.0.1:59196 (Loopback)] GET / (3 live) #4 GZIP Token ()
Oct 28, 2022 16:06:23.962 [0x7f22216aeb38] DEBUG - Completed: [127.0.0.1:59196] 503 GET / (3 live) GZIP 0ms 436 bytes
Oct 28, 2022 16:06:24.112 [0x7f22207a4b38] DEBUG - [HttpClient/HCl#4] HTTP/2.0 (0.9s) 200 response from GET https://plex.tv/api/v2/server/users?auth_token=xxxxxxxxxxxxxxxxxxxx (reused)
Oct 28, 2022 16:06:24.129 [0x7f221f951b38] DEBUG - [HCl#b] HTTP requesting GET https://plex.tv/api/v2/server/users/subscriptions?auth_token=xxxxxxxxxxxxxxxxxxxx
Oct 28, 2022 16:06:24.171 [0x7f22207a4b38] DEBUG - [HttpClient/HCl#b] HTTP/2.0 (0.0s) 200 response from GET https://plex.tv/api/v2/server/users/subscriptions?auth_token=xxxxxxxxxxxxxxxxxxxx (reused)
Oct 28, 2022 16:06:24.181 [0x7f221f951b38] DEBUG - MyPlex: no cached data to load for request for https://plex.tv/api/v2/server/users/services?auth_token=xxxxxxxxxxxxxxxxxxxx
Oct 28, 2022 16:06:24.320 [0x7f221ff7fb38] DEBUG - [JobRunner] Job running: /usr/lib/plexmediaserver/CrashUploader "--directory=/config/Library/Application Support/Plex Media Server/Crash Reports/1.29.1.6316-f4cdfea9c" --version=1.29.1.6316-f4cdfea9c --platform=Linux --platformVersion=5.10.16.3-microsoft-standard-WSL2 --serverUuid=11e7817324ef984cf2fa3a3eea5330d6d10f44d4 --userId=charpentiervincent151000@gmail.com --sentryUrl=https://sentry.io/api/1233455/minidump --sentryKey=xxxxxxxxxxxxxxxxxxxxxxxxxxxxxxxx --vendor=Docker --model=x86_64 "--device=Docker Container (LinuxServer.io)" --allowRetries=0
Oct 28, 2022 16:06:24.321 [0x7f221ff7fb38] DEBUG - [JobRunner] Jobs: Starting child process with pid 204
Oct 28, 2022 16:06:24.348 [0x7f2221ae3b38] DEBUG - Jobs: '/usr/lib/plexmediaserver/CrashUploader' exit code for process 204 is 0 (success)
Oct 28, 2022 16:06:24.645 [0x7f221f49bb38] DEBUG - Request: [127.0.0.1:59198 (Loopback)] GET /servers (3 live) #5 GZIP Token ()
Oct 28, 2022 16:06:24.645 [0x7f22218b1b38] DEBUG - Completed: [127.0.0.1:59198] 503 GET /servers (3 live) GZIP 0ms 436 bytes
Oct 28, 2022 16:06:24.665 [0x7f221fd57b38] DEBUG - Reading 486 bytes in the body, code is 200
Oct 28, 2022 16:06:24.665 [0x7f221fd57b38] DEBUG - [com.plexapp.system] Plug-in running on port 42007.
Oct 28, 2022 16:06:24.665 [0x7f221fd57b38] DEBUG -  * Plug-in handles prefix: /system
Oct 28, 2022 16:06:24.665 [0x7f221fd57b38] DEBUG -  * Plug-in handles prefix: /player
Oct 28, 2022 16:06:24.665 [0x7f221fd57b38] DEBUG - Read configuration for [com.plexapp.system], had 2 prefixes
Oct 28, 2022 16:06:24.667 [0x7f221fd57b38] DEBUG - Done with 1 synchronous plug-in starts, starting the rest in parallel.
Oct 28, 2022 16:06:24.667 [0x7f221fd57b38] DEBUG - PluginRepository::setStartState: 2, startingPlugins
Oct 28, 2022 16:06:24.667 [0x7f221fd57b38] DEBUG - Updating the list of agents known by the system.
Oct 28, 2022 16:06:24.667 [0x7f221fd57b38] DEBUG - [com.plexapp.system] Sending command over HTTP (GET): /system/agents
Oct 28, 2022 16:06:24.667 [0x7f221fd57b38] DEBUG - [HCl#c] HTTP requesting GET http://127.0.0.1:42007/system/agents
Oct 28, 2022 16:06:24.668 [0x7f22256116f0] DEBUG - Image transcode cache directory: "/config/Library/Application Support/Plex Media Server/Cache/PhotoTranscoder"
Oct 28, 2022 16:06:24.670 [0x7f22256116f0] DEBUG - Transcoder: Cleaning old transcode directories.
Oct 28, 2022 16:06:24.682 [0x7f22256116f0] DEBUG - MyPlex: using cached data for request for https://plex.tv/api/v2/server/access_tokens?auth_token=xxxxxxxxxxxxxxxxxxxx
Oct 28, 2022 16:06:24.685 [0x7f22256116f0] DEBUG - MyPlex: updating with 5 access tokens
Oct 28, 2022 16:06:24.685 [0x7f2220390b38] DEBUG - [MediaProviderManager/HCl#d] HTTP requesting GET https://plex.tv/media/providers?X-Plex-Token=xxxxxxxxxxxxxxxxxxxx
Oct 28, 2022 16:06:24.687 [0x7f22256116f0] DEBUG - MyPlex: using cached data for request for https://plex.tv/api/v2/server/users?auth_token=xxxxxxxxxxxxxxxxxxxx
Oct 28, 2022 16:06:24.691 [0x7f22256116f0] DEBUG - MyPlex: using cached data for request for https://plex.tv/api/v2/server/users/subscriptions?auth_token=xxxxxxxxxxxxxxxxxxxx
Oct 28, 2022 16:06:24.695 [0x7f22256116f0] DEBUG - MyPlex: no cached data to load for request for https://plex.tv/api/v2/server/users/services?auth_token=xxxxxxxxxxxxxxxxxxxx
Oct 28, 2022 16:06:24.697 [0x7f22256116f0] DEBUG - MyPlex: using cached data for request for https://plex.tv/api/v2/user?includeSubscriptions=1&includeProviders=1
Oct 28, 2022 16:06:24.701 [0x7f22256116f0] DEBUG - MyPlex: username is vincentc152, login is charpentiervincent151000@gmail.com, home is 0, no pin
Oct 28, 2022 16:06:24.710 [0x7f22256116f0] DEBUG - MyPlex: start public ip check and mapping - current mapped state: 'Unknown'.
Oct 28, 2022 16:06:24.710 [0x7f22256116f0] DEBUG - MyPlex: mapping state set to 'Not Mapped'.
Oct 28, 2022 16:06:24.710 [0x7f22256116f0] DEBUG - PublicAddressManager: Starting.
Oct 28, 2022 16:06:24.710 [0x7f22256116f0] DEBUG - PublicAddressManager: Obtaining public address and mapping port.
Oct 28, 2022 16:06:24.710 [0x7f22256116f0] DEBUG - NetworkInterface: Starting watch thread.
Oct 28, 2022 16:06:24.710 [0x7f2220abbb38] DEBUG - PublicAddressManager: Obtaining public IP.
Oct 28, 2022 16:06:24.710 [0x7f221ff7fb38] DEBUG - NAT: UPnP, attempting port mapping.
Oct 28, 2022 16:06:24.710 [0x7f221f095b38] DEBUG - [HCl#e] HTTP requesting GET https://plex.tv/api/v2/user?includeSubscriptions=1&includeProviders=1
Oct 28, 2022 16:06:24.710 [0x7f2220abbb38] DEBUG - [HCl#f] HTTP requesting GET http://plex.tv/pms/:/ip
Oct 28, 2022 16:06:24.710 [0x7f22256116f0] DEBUG - Network change.
Oct 28, 2022 16:06:24.710 [0x7f22256116f0] DEBUG - NetworkInterface: Notified of network changed (force=0)
Oct 28, 2022 16:06:24.710 [0x7f221ee92b38] DEBUG - NetworkInterface: Watching for changes on the interfaces.
Oct 28, 2022 16:06:24.710 [0x7f22256116f0] DEBUG - Detected primary interface: 172.20.0.7
Oct 28, 2022 16:06:24.710 [0x7f22256116f0] DEBUG - Network interfaces:
Oct 28, 2022 16:06:24.710 [0x7f22256116f0] DEBUG -  * 1 lo (127.0.0.1) (00-00-00-00-00-00) (loopback: 1)
Oct 28, 2022 16:06:24.710 [0x7f22256116f0] DEBUG -  * 152 eth0 (172.20.0.7) (02-42-AC-14-00-07) (loopback: 0)
Oct 28, 2022 16:06:24.710 [0x7f22256116f0] DEBUG - Creating NetworkServices singleton.
Oct 28, 2022 16:06:24.710 [0x7f22256116f0] DEBUG - NetworkServices: Initializing...
Oct 28, 2022 16:06:24.710 [0x7f22256116f0] DEBUG - NetworkService: Creating new service.
Oct 28, 2022 16:06:24.710 [0x7f22256116f0] DEBUG - NetworkService: Got notification of changed network (first change: 1)
Oct 28, 2022 16:06:24.710 [0x7f22256116f0] DEBUG - NetworkService: Quick dispatch of network change.
Oct 28, 2022 16:06:24.710 [0x7f22256116f0] DEBUG - NetworkService: Creating new service.
Oct 28, 2022 16:06:24.710 [0x7f221ec8fb38] DEBUG - Network change for advertiser.
Oct 28, 2022 16:06:24.710 [0x7f22256116f0] DEBUG - NetworkService: Got notification of changed network (first change: 1)
Oct 28, 2022 16:06:24.710 [0x7f22256116f0] DEBUG - NetworkService: Quick dispatch of network change.
Oct 28, 2022 16:06:24.710 [0x7f22256116f0] DEBUG - NetworkService: Creating new service.
Oct 28, 2022 16:06:24.710 [0x7f22256116f0] DEBUG - NetworkService: Got notification of changed network (first change: 1)
Oct 28, 2022 16:06:24.710 [0x7f22256116f0] DEBUG - NetworkService: Quick dispatch of network change.
Oct 28, 2022 16:06:24.710 [0x7f221ec8fb38] DEBUG - NetworkService: Setting up multicast listener on 0.0.0.0:32414
Oct 28, 2022 16:06:24.710 [0x7f22256116f0] DEBUG - NetworkService: Creating new service.
Oct 28, 2022 16:06:24.710 [0x7f22256116f0] DEBUG - NetworkService: Got notification of changed network (first change: 1)
Oct 28, 2022 16:06:24.710 [0x7f22256116f0] DEBUG - NetworkService: Quick dispatch of network change.
Oct 28, 2022 16:06:24.710 [0x7f22256116f0] DEBUG - NetworkService: Creating new service.
Oct 28, 2022 16:06:24.710 [0x7f22256116f0] DEBUG - NetworkService: Got notification of changed network (first change: 1)
Oct 28, 2022 16:06:24.710 [0x7f22256116f0] DEBUG - NetworkService: Quick dispatch of network change.
Oct 28, 2022 16:06:24.710 [0x7f22256116f0] DEBUG - NetworkService: Creating new service.
Oct 28, 2022 16:06:24.710 [0x7f22256116f0] DEBUG - NetworkService: Got notification of changed network (first change: 1)
Oct 28, 2022 16:06:24.710 [0x7f22256116f0] DEBUG - NetworkService: Quick dispatch of network change.
Oct 28, 2022 16:06:24.710 [0x7f221ec8fb38] DEBUG - Network change for advertiser.
Oct 28, 2022 16:06:24.710 [0x7f221ec8fb38] DEBUG - NetworkService: Setting up multicast listener on 0.0.0.0:32410
Oct 28, 2022 16:06:24.711 [0x7f221ec8fb38] DEBUG - Network change for advertiser.
Oct 28, 2022 16:06:24.711 [0x7f221ec8fb38] DEBUG - NetworkService: Setting up multicast listener on 0.0.0.0:32412
Oct 28, 2022 16:06:24.711 [0x7f221ec8fb38] DEBUG - NetworkService: Network change for browser (polled=0), closing 0 browse sockets.
Oct 28, 2022 16:06:24.711 [0x7f221ec8fb38] DEBUG - NetworkService: Setting up multicast listener on 0.0.0.0:32413
Oct 28, 2022 16:06:24.711 [0x7f221ec8fb38] DEBUG - NetworkService: Browsing on interface 127.0.0.1 on broadcast address 127.255.255.255 (index: 0)
Oct 28, 2022 16:06:24.711 [0x7f221ec8fb38] DEBUG - NetworkService: Browsing on interface 172.20.0.7 on broadcast address 172.20.255.255 (index: 1)
Oct 28, 2022 16:06:24.711 [0x7f221ec8fb38] DEBUG - NetworkService: Network change for browser (polled=1), closing 0 browse sockets.
Oct 28, 2022 16:06:24.711 [0x7f221ec8fb38] DEBUG - NetworkService: Browsing on interface 127.0.0.1 on broadcast address 127.255.255.255 (index: 0)
Oct 28, 2022 16:06:24.711 [0x7f221ec8fb38] DEBUG - NetworkService: Browsing on interface 172.20.0.7 on broadcast address 172.20.255.255 (index: 1)
Oct 28, 2022 16:06:24.711 [0x7f221ec8fb38] DEBUG - NetworkService: Network change for browser (polled=0), closing 0 browse sockets.
Oct 28, 2022 16:06:24.711 [0x7f221ec8fb38] DEBUG - NetworkService: Setting up multicast listener on 0.0.0.0:1901
Oct 28, 2022 16:06:24.711 [0x7f221ec8fb38] DEBUG - NetworkService: Browsing on interface 172.20.0.7 on broadcast address 239.255.255.250 (index: 0)
Oct 28, 2022 16:06:24.712 [0x7f221e889b38] DEBUG - [HCl#10] HTTP requesting GET https://plex.tv/api/taas/profile
Oct 28, 2022 16:06:24.712 [0x7f221e686b38] DEBUG - [ChildProcessMonitor] Plex Tuner Service starting.
Oct 28, 2022 16:06:24.712 [0x7f221e686b38] DEBUG - [ChildProcessMonitor/JobRunner] Job running: "/usr/lib/plexmediaserver/Plex Tuner Service" /usr/lib/plexmediaserver/Resources/Tuner/Private /usr/lib/plexmediaserver/Resources/Tuner/Shared 1.29.1.6316-f4cdfea9c 32600
Oct 28, 2022 16:06:24.712 [0x7f221e686b38] DEBUG - [ChildProcessMonitor/JobRunner] Jobs: Starting child process with pid 241
Oct 28, 2022 16:06:24.724 [0x7f22207a4b38] DEBUG - [HttpClient/HCl#d] HTTP/2.0 (0.0s) 200 response from GET https://plex.tv/media/providers?X-Plex-Token=xxxxxxxxxxxxxxxxxxxx (reused)
Oct 28, 2022 16:06:24.724 [0x7f2220390b38] DEBUG - [MediaProviderManager] discovered cloud provider (Movies & TV)
Oct 28, 2022 16:06:24.724 [0x7f2220390b38] DEBUG - [MediaProviderManager] discovered cloud provider (Music)
Oct 28, 2022 16:06:24.724 [0x7f2220390b38] DEBUG - [MediaProviderManager] discovered cloud provider (Metadata)
Oct 28, 2022 16:06:24.724 [0x7f2220390b38] DEBUG - [MediaProviderManager] loading cloud provider details (Metadata) (alive: 1)
Oct 28, 2022 16:06:24.724 [0x7f2220390b38] DEBUG - [MediaProviderManager] loading cloud provider details (Music) (alive: 1)
Oct 28, 2022 16:06:24.724 [0x7f2220390b38] DEBUG - [MediaProviderManager] loading cloud provider details (Movies & TV) (alive: 1)
Oct 28, 2022 16:06:24.724 [0x7f2220390b38] DEBUG - [MediaProviderManager] we had 3 cloud providers online, we now have 3
Oct 28, 2022 16:06:24.724 [0x7f2220390b38] DEBUG - [MediaProviderManager] cloud provider (Metadata) is online and available
Oct 28, 2022 16:06:24.724 [0x7f2220390b38] DEBUG - [MediaProviderManager] cloud provider (Music) is online and available
Oct 28, 2022 16:06:24.724 [0x7f2220390b38] DEBUG - [MediaProviderManager] cloud provider (Movies & TV) is online and available
Oct 28, 2022 16:06:24.756 [0x7f22207a4b38] DEBUG - [HttpClient/HCl#c] HTTP/1.1 (0.1s) 200 response from GET http://127.0.0.1:42007/system/agents
Oct 28, 2022 16:06:24.757 [0x7f221fd57b38] DEBUG - [com.plexapp.system] HTTP reply status 200, with 11288 bytes of content.
Oct 28, 2022 16:06:24.761 [0x7f22207a4b38] DEBUG - [HttpClient/HCl#10] HTTP/2.0 (0.0s) 200 response from GET https://plex.tv/api/taas/profile (reused)
Oct 28, 2022 16:06:24.765 [0x7f221fd57b38] DEBUG - The system knows about 19 agents.
Oct 28, 2022 16:06:24.765 [0x7f221e483b38] DEBUG - Starting plug-in /usr/lib/plexmediaserver/Resources/Plug-ins-f4cdfea9c/TheTVDBv4.bundle.
Oct 28, 2022 16:06:24.765 [0x7f221e280b38] DEBUG - Starting plug-in /usr/lib/plexmediaserver/Resources/Plug-ins-f4cdfea9c/PlexMovie.bundle.
Oct 28, 2022 16:06:24.765 [0x7f221e07db38] DEBUG - Starting plug-in /usr/lib/plexmediaserver/Resources/Plug-ins-f4cdfea9c/MoviePosterDB.bundle.
Oct 28, 2022 16:06:24.766 [0x7f221fd57b38] DEBUG - Removing /usr/lib/plexmediaserver/Resources/Plug-ins-f4cdfea9c/ServerManager.bundle.
Oct 28, 2022 16:06:24.766 [0x7f221fd57b38] DEBUG - Waiting for 20 plug-ins to finish starting.
Oct 28, 2022 16:06:24.767 [0x7f221e280b38] DEBUG - Perfect cache hit, we don't need to start [com.plexapp.agents.imdb] yet.
Oct 28, 2022 16:06:24.767 [0x7f221e280b38] DEBUG - Starting plug-in /usr/lib/plexmediaserver/Resources/Plug-ins-f4cdfea9c/PlexThemeMusic.bundle.
Oct 28, 2022 16:06:24.768 [0x7f221e280b38] DEBUG - Perfect cache hit, we don't need to start [com.plexapp.agents.plexthememusic] yet.
Oct 28, 2022 16:06:24.768 [0x7f221e280b38] DEBUG - Starting plug-in /usr/lib/plexmediaserver/Resources/Plug-ins-f4cdfea9c/Musicbrainz.bundle.
Oct 28, 2022 16:06:24.768 [0x7f221e483b38] DEBUG - Perfect cache hit, we don't need to start [com.plexapp.agents.thetvdb] yet.
Oct 28, 2022 16:06:24.768 [0x7f221e07db38] DEBUG - Perfect cache hit, we don't need to start [com.plexapp.agents.movieposterdb] yet.
Oct 28, 2022 16:06:24.768 [0x7f221e483b38] DEBUG - Starting plug-in /usr/lib/plexmediaserver/Resources/Plug-ins-f4cdfea9c/LyricFind.bundle.
Oct 28, 2022 16:06:24.768 [0x7f221e07db38] DEBUG - Starting plug-in /usr/lib/plexmediaserver/Resources/Plug-ins-f4cdfea9c/Framework.bundle.
Oct 28, 2022 16:06:24.770 [0x7f221e280b38] DEBUG - Perfect cache hit, we don't need to start [org.musicbrainz.agents.music] yet.
Oct 28, 2022 16:06:24.770 [0x7f221e280b38] DEBUG - Starting plug-in /usr/lib/plexmediaserver/Resources/Plug-ins-f4cdfea9c/TheMovieDB.bundle.
Oct 28, 2022 16:06:24.771 [0x7f221e483b38] DEBUG - Perfect cache hit, we don't need to start [com.plexapp.agents.lyricfind] yet.
Oct 28, 2022 16:06:24.771 [0x7f221e483b38] DEBUG - Starting plug-in /usr/lib/plexmediaserver/Resources/Plug-ins-f4cdfea9c/OpenSubtitles.bundle.
Oct 28, 2022 16:06:24.771 [0x7f221e07db38] DEBUG - Starting plug-in /usr/lib/plexmediaserver/Resources/Plug-ins-f4cdfea9c/HTbackdrops.bundle.
Oct 28, 2022 16:06:24.772 [0x7f221e280b38] DEBUG - Perfect cache hit, we don't need to start [com.plexapp.agents.themoviedb] yet.
Oct 28, 2022 16:06:24.772 [0x7f221e280b38] DEBUG - Starting plug-in /usr/lib/plexmediaserver/Resources/Plug-ins-f4cdfea9c/WebClient.bundle.
Oct 28, 2022 16:06:24.773 [0x7f221e483b38] DEBUG - Perfect cache hit, we don't need to start [com.plexapp.agents.opensubtitles] yet.
Oct 28, 2022 16:06:24.773 [0x7f221e483b38] DEBUG - Starting plug-in /usr/lib/plexmediaserver/Resources/Plug-ins-f4cdfea9c/PlexMusic.bundle.
Oct 28, 2022 16:06:24.773 [0x7f221e07db38] DEBUG - Perfect cache hit, we don't need to start [com.plexapp.agents.htbackdrops] yet.
Oct 28, 2022 16:06:24.773 [0x7f221e07db38] DEBUG - Starting plug-in /usr/lib/plexmediaserver/Resources/Plug-ins-f4cdfea9c/PlexSeries.bundle.
Oct 28, 2022 16:06:24.774 [0x7f221e280b38] DEBUG - Starting plug-in /usr/lib/plexmediaserver/Resources/Plug-ins-f4cdfea9c/Fanart-TV.bundle.
Oct 28, 2022 16:06:24.775 [0x7f221e483b38] DEBUG - Perfect cache hit, we don't need to start [tv.plex.agents.music] yet.
Oct 28, 2022 16:06:24.775 [0x7f221e483b38] DEBUG - Starting plug-in /usr/lib/plexmediaserver/Resources/Plug-ins-f4cdfea9c/LastFM.bundle.
Oct 28, 2022 16:06:24.775 [0x7f221e07db38] DEBUG - Perfect cache hit, we don't need to start [tv.plex.agents.series] yet.
Oct 28, 2022 16:06:24.775 [0x7f221e07db38] DEBUG - Starting plug-in /usr/lib/plexmediaserver/Resources/Plug-ins-f4cdfea9c/Media-Flags.bundle.
Oct 28, 2022 16:06:24.776 [0x7f221e280b38] DEBUG - Perfect cache hit, we don't need to start [com.plexapp.agents.fanarttv] yet.
Oct 28, 2022 16:06:24.776 [0x7f221e280b38] DEBUG - Starting plug-in /usr/lib/plexmediaserver/Resources/Plug-ins-f4cdfea9c/LocalMedia.bundle.
Oct 28, 2022 16:06:24.777 [0x7f221e07db38] DEBUG - Starting plug-in /usr/lib/plexmediaserver/Resources/Plug-ins-f4cdfea9c/Scanners.bundle.
Oct 28, 2022 16:06:24.777 [0x7f221e483b38] DEBUG - Perfect cache hit, we don't need to start [com.plexapp.agents.lastfm] yet.
Oct 28, 2022 16:06:24.777 [0x7f221e483b38] DEBUG - Starting plug-in /usr/lib/plexmediaserver/Resources/Plug-ins-f4cdfea9c/PersonalMedia.bundle.
Oct 28, 2022 16:06:24.777 [0x7f221e280b38] DEBUG - Perfect cache hit, we don't need to start [com.plexapp.agents.localmedia] yet.
Oct 28, 2022 16:06:24.777 [0x7f221e280b38] DEBUG - Starting plug-in /usr/lib/plexmediaserver/Resources/Plug-ins-f4cdfea9c/PlexMovieNew.bundle.
Oct 28, 2022 16:06:24.778 [0x7f221e483b38] DEBUG - Perfect cache hit, we don't need to start [com.plexapp.agents.none] yet.
Oct 28, 2022 16:06:24.778 [0x7f22207a4b38] DEBUG - [HttpClient/HCl#f] HTTP/2.0 (0.1s) 200 response from GET http://plex.tv/pms/:/ip
Oct 28, 2022 16:06:24.778 [0x7f221e280b38] DEBUG - Perfect cache hit, we don't need to start [tv.plex.agents.movie] yet.
Oct 28, 2022 16:06:24.779 [0x7f2220abbb38] DEBUG - PublicAddressManager: Got public IP from http://plex.tv: 94.228.190.38
Oct 28, 2022 16:06:24.779 [0x7f221fd57b38] DEBUG - Starting scheduled updates, every 3600 seconds
Oct 28, 2022 16:06:24.779 [0x7f221fd57b38] INFO - LibraryUpdateManager path watching is disabled
Oct 28, 2022 16:06:24.779 [0x7f221fd57b38] DEBUG - Done waiting for all plug-ins to start.
Oct 28, 2022 16:06:24.779 [0x7f221fd57b38] DEBUG - PluginRepository::setStartState: 3, complete
Oct 28, 2022 16:06:24.780 [0x7f221c656b38] DEBUG - Downloading document http://127.0.0.1:32400/:/plugins/com.plexapp.agents.imdb/prefs
Oct 28, 2022 16:06:24.781 [0x7f221c656b38] DEBUG - Translator: Found locale zh_CN
Oct 28, 2022 16:06:24.781 [0x7f221c656b38] DEBUG - Translator: Found locale ar
Oct 28, 2022 16:06:24.781 [0x7f221c656b38] DEBUG - Translator: Found locale et_EE
Oct 28, 2022 16:06:24.781 [0x7f221c656b38] DEBUG - Translator: Found locale it
Oct 28, 2022 16:06:24.781 [0x7f221c656b38] DEBUG - Translator: Found locale fi
Oct 28, 2022 16:06:24.781 [0x7f221c656b38] DEBUG - Translator: Found locale sv
Oct 28, 2022 16:06:24.781 [0x7f221c656b38] DEBUG - Translator: Found locale ru
Oct 28, 2022 16:06:24.781 [0x7f221c656b38] DEBUG - Translator: Found locale sr
Oct 28, 2022 16:06:24.781 [0x7f221c656b38] DEBUG - Translator: Found locale pl
Oct 28, 2022 16:06:24.781 [0x7f221c656b38] DEBUG - Translator: Found locale sk
Oct 28, 2022 16:06:24.781 [0x7f221c656b38] DEBUG - Translator: Found locale pt
Oct 28, 2022 16:06:24.781 [0x7f221c656b38] DEBUG - Translator: Found locale nl
Oct 28, 2022 16:06:24.781 [0x7f221c656b38] DEBUG - Translator: Found locale he
Oct 28, 2022 16:06:24.781 [0x7f221c656b38] DEBUG - Translator: Found locale sl
Oct 28, 2022 16:06:24.781 [0x7f221c656b38] DEBUG - Translator: Found locale ro
Oct 28, 2022 16:06:24.781 [0x7f221c656b38] DEBUG - Translator: Found locale hu
Oct 28, 2022 16:06:24.781 [0x7f221c656b38] DEBUG - Translator: Found locale ja_JP
Oct 28, 2022 16:06:24.781 [0x7f221c656b38] DEBUG - Translator: Found locale ko
Oct 28, 2022 16:06:24.781 [0x7f221c656b38] DEBUG - Translator: Found locale en
Oct 28, 2022 16:06:24.781 [0x7f221c656b38] DEBUG - Translator: Found locale da
Oct 28, 2022 16:06:24.781 [0x7f221c656b38] DEBUG - Translator: Found locale no
Oct 28, 2022 16:06:24.781 [0x7f221c656b38] DEBUG - Translator: Found locale hu_HU
Oct 28, 2022 16:06:24.781 [0x7f221c656b38] DEBUG - Translator: Found locale fr
Oct 28, 2022 16:06:24.781 [0x7f221c656b38] DEBUG - Translator: Found locale nl_BE
Oct 28, 2022 16:06:24.781 [0x7f221c656b38] DEBUG - Translator: Found locale af
Oct 28, 2022 16:06:24.781 [0x7f221c656b38] DEBUG - Translator: Found locale pt_BR
Oct 28, 2022 16:06:24.781 [0x7f221c656b38] DEBUG - Translator: Found locale de
Oct 28, 2022 16:06:24.781 [0x7f221c656b38] DEBUG - Translator: Found locale hr_HR
Oct 28, 2022 16:06:24.781 [0x7f221c656b38] DEBUG - Translator: Found locale lt
Oct 28, 2022 16:06:24.781 [0x7f221c656b38] DEBUG - Translator: Found locale es
Oct 28, 2022 16:06:24.781 [0x7f221c656b38] DEBUG - Translator: Found locale cs_CZ
Oct 28, 2022 16:06:24.786 [0x7f221c656b38] DEBUG - [Req#b] Starting file watcher for com.plexapp.agents.imdb
Oct 28, 2022 16:06:24.786 [0x7f221c656b38] DEBUG - [Req#b] Plugin: setting environment variable: 'PYTHONHOME=/usr/lib/plexmediaserver/Resources/Python'
Oct 28, 2022 16:06:24.786 [0x7f221c656b38] DEBUG - [Req#b] Plugin: setting environment variable: 'PYTHONPATH=/usr/lib/plexmediaserver/Resources/Python/python27.zip:/usr/lib/plexmediaserver/Resources/Python/lib/python2.7/site-packages'
Oct 28, 2022 16:06:24.789 [0x7f221c656b38] DEBUG - [Req#b] Spawned plug-in com.plexapp.agents.imdb with PID 273
Oct 28, 2022 16:06:24.789 [0x7f221c656b38] DEBUG - [Req#b] [com.plexapp.agents.imdb] Sending command: GET /:/prefixes
Oct 28, 2022 16:06:24.823 [0x7f22207a4b38] DEBUG - [HttpClient/HCl#e] HTTP/2.0 (0.1s) 200 response from GET https://plex.tv/api/v2/user?includeSubscriptions=1&includeProviders=1 (reused)
Oct 28, 2022 16:06:24.831 [0x7f221f951b38] DEBUG - MyPlex: username is vincentc152, login is charpentiervincent151000@gmail.com, home is 0, no pin
Oct 28, 2022 16:06:24.842 [0x7f221f095b38] DEBUG - [HCl#11] HTTP requesting GET https://plex.tv/api/v2/geoip
Oct 28, 2022 16:06:24.879 [0x7f22207a4b38] DEBUG - [HttpClient/HCl#11] HTTP/2.0 (0.0s) 200 response from GET https://plex.tv/api/v2/geoip (reused)
Oct 28, 2022 16:06:24.879 [0x7f22218b1b38] DEBUG - [EventSourceClient/pubsub/176.58.107.84:443] Resolving 176.58.107.84 port 443
Oct 28, 2022 16:06:24.879 [0x7f221e889b38] DEBUG - [HCl#12] HTTP requesting GET https://plex.tv/api/v2/server/webhooks?X-Plex-Token=xxxxxxxxxxxxxxxxxxxx
Oct 28, 2022 16:06:24.879 [0x7f22218b1b38] DEBUG - [EventSourceClient/pubsub/176.58.107.84:443] Resolved 176.58.107.84 to 176.58.107.84:443
Oct 28, 2022 16:06:24.880 [0x7f221de7ab38] DEBUG - [MediaProviderManager/HCl#13] HTTP requesting GET https://plex.tv/media/providers?X-Plex-Token=xxxxxxxxxxxxxxxxxxxx
Oct 28, 2022 16:06:24.885 [0x7f221f095b38] DEBUG - [HCl#14] HTTP requesting GET https://plex.tv/api/v2/user/privacy?X-Plex-Token=xxxxxxxxxxxxxxxxxxxx
Oct 28, 2022 16:06:24.892 [0x7f22256116f0] DEBUG - PublicAddressManager: Obtaining public address and mapping port.
Oct 28, 2022 16:06:24.892 [0x7f22256116f0] DEBUG - [DatabaseFixups] Running fix-ups.
Oct 28, 2022 16:06:24.892 [0x7f221dc77b38] DEBUG - DVR: Starting up.
Oct 28, 2022 16:06:24.895 [0x7f221dc77b38] DEBUG - Activity: registered new activity cd99eabb-a88e-416a-a947-6b686659cd76 - "Processing subscriptions"
Oct 28, 2022 16:06:24.907 [0x7f22256116f0] DEBUG - [DatabaseFixups] Destroyed 0 transient items.
Oct 28, 2022 16:06:24.915 [0x7f22256116f0] DEBUG - [DatabaseFixups] Running database fix-ups completed in 0.0 seconds.
Oct 28, 2022 16:06:24.915 [0x7f22256116f0] DEBUG - [HCl#15] HTTP requesting GET https://plex.tv/api/v2/user/privacy?X-Plex-Token=xxxxxxxxxxxxxxxxxxxx
Oct 28, 2022 16:06:24.916 [0x7f22218b1b38] DEBUG - [EventSourceClient/pubsub/176.58.107.84:443] Connected in 36 ms.
Oct 28, 2022 16:06:24.916 [0x7f22218b1b38] DEBUG - [EventSourceClient/pubsub/176.58.107.84:443] Wrote data, reading reply.
Oct 28, 2022 16:06:24.917 [0x7f22207a4b38] DEBUG - [HttpClient/HCl#13] HTTP/2.0 (0.0s) 200 response from GET https://plex.tv/media/providers?X-Plex-Token=xxxxxxxxxxxxxxxxxxxx (reused)
Oct 28, 2022 16:06:24.917 [0x7f221de7ab38] DEBUG - [MediaProviderManager/HCl#16] HTTP requesting GET https://plex.tv/media/providers?X-Plex-Token=xxxxxxxxxxxxxxxxxxxx
Oct 28, 2022 16:06:24.921 [0x7f22207a4b38] DEBUG - [HttpClient/HCl#14] HTTP/2.0 (0.0s) 200 response from GET https://plex.tv/api/v2/user/privacy?X-Plex-Token=xxxxxxxxxxxxxxxxxxxx (reused)
Oct 28, 2022 16:06:24.923 [0x7f22207a4b38] DEBUG - [HttpClient/HCl#12] HTTP/2.0 (0.0s) 200 response from GET https://plex.tv/api/v2/server/webhooks?X-Plex-Token=xxxxxxxxxxxxxxxxxxxx (reused)
Oct 28, 2022 16:06:24.929 [0x7f221f095b38] DEBUG - [HCl#17] HTTP requesting GET https://plex.tv/api/v2/release_channels?X-Plex-Token=xxxxxxxxxxxxxxxxxxxx
Oct 28, 2022 16:06:24.959 [0x7f22207a4b38] DEBUG - [HttpClient/HCl#15] HTTP/2.0 (0.0s) 200 response from GET https://plex.tv/api/v2/user/privacy?X-Plex-Token=xxxxxxxxxxxxxxxxxxxx (reused)
Oct 28, 2022 16:06:24.965 [0x7f22207a4b38] DEBUG - [HttpClient/HCl#16] HTTP/2.0 (0.0s) 200 response from GET https://plex.tv/media/providers?X-Plex-Token=xxxxxxxxxxxxxxxxxxxx (reused)
Oct 28, 2022 16:06:24.965 [0x7f22207a4b38] DEBUG - [HttpClient/HCl#17] HTTP/2.0 (0.0s) 200 response from GET https://plex.tv/api/v2/release_channels?X-Plex-Token=xxxxxxxxxxxxxxxxxxxx (reused)
Oct 28, 2022 16:06:24.965 [0x7f221de7ab38] DEBUG - [MediaProviderManager] discovered cloud provider (Movies & TV)
Oct 28, 2022 16:06:24.965 [0x7f221de7ab38] DEBUG - [MediaProviderManager] discovered cloud provider (Music)
Oct 28, 2022 16:06:24.965 [0x7f221de7ab38] DEBUG - [MediaProviderManager] discovered cloud provider (Metadata)
Oct 28, 2022 16:06:24.965 [0x7f221de7ab38] DEBUG - [MediaProviderManager] loading cloud provider details (Metadata) (alive: 1)
Oct 28, 2022 16:06:24.965 [0x7f221de7ab38] DEBUG - [MediaProviderManager] loading cloud provider details (Music) (alive: 1)
Oct 28, 2022 16:06:24.965 [0x7f221de7ab38] DEBUG - [MediaProviderManager] loading cloud provider details (Movies & TV) (alive: 1)
Oct 28, 2022 16:06:24.965 [0x7f221de7ab38] DEBUG - [MediaProviderManager] we had 3 cloud providers online, we now have 3
Oct 28, 2022 16:06:24.965 [0x7f221de7ab38] DEBUG - [MediaProviderManager] cloud provider (Metadata) is online and available
Oct 28, 2022 16:06:24.965 [0x7f221de7ab38] DEBUG - [MediaProviderManager] cloud provider (Music) is online and available
Oct 28, 2022 16:06:24.965 [0x7f221de7ab38] DEBUG - [MediaProviderManager] cloud provider (Movies & TV) is online and available
Oct 28, 2022 16:06:24.969 [0x7f22256116f0] DEBUG - [HCl#18] HTTP requesting GET https://plex.tv/api/v2/release_channels?X-Plex-Token=xxxxxxxxxxxxxxxxxxxx
Oct 28, 2022 16:06:24.975 [0x7f221f095b38] DEBUG - [HCl#19] HTTP requesting GET https://plex.tv/api/v2/features?X-Plex-Token=xxxxxxxxxxxxxxxxxxxx
Oct 28, 2022 16:06:24.982 [0x7f22216aeb38] DEBUG - [EventSourceClient/pubsub/176.58.107.84:443] Read HTTP reply header.
Oct 28, 2022 16:06:24.982 [0x7f22216aeb38] DEBUG - [EventSourceClient/pubsub/176.58.107.84:443] MyPlex: We appear to have regained Internet connectivity.
Oct 28, 2022 16:06:24.984 [0x7f22216aeb38] DEBUG - [EventSourceClient/pubsub/176.58.107.84:443] PublicAddressManager: Obtaining public address and mapping port.
Oct 28, 2022 16:06:24.984 [0x7f22216aeb38] DEBUG - [EventSourceClient/pubsub/176.58.107.84:443] MyPlex: async reachability check - current mapped state: 'Not Mapped'.
Oct 28, 2022 16:06:24.984 [0x7f22216aeb38] WARN - [EventSourceClient/pubsub/176.58.107.84:443] MyPlex: attempted a reachability check but we're not yet mapped.
Oct 28, 2022 16:06:24.984 [0x7f22216aeb38] DEBUG - [EventSourceClient/pubsub/176.58.107.84:443] Successfully connected to 176.58.107.84.
Oct 28, 2022 16:06:25.009 [0x7f22207a4b38] DEBUG - [HttpClient/HCl#18] HTTP/2.0 (0.0s) 200 response from GET https://plex.tv/api/v2/release_channels?X-Plex-Token=xxxxxxxxxxxxxxxxxxxx (reused)
Oct 28, 2022 16:06:25.021 [0x7f22256116f0] DEBUG - [HCl#1a] HTTP requesting GET https://plex.tv/api/v2/features?X-Plex-Token=xxxxxxxxxxxxxxxxxxxx
Oct 28, 2022 16:06:25.047 [0x7f22207a4b38] DEBUG - [HttpClient/HCl#19] HTTP/2.0 (0.1s) 200 response from GET https://plex.tv/api/v2/features?X-Plex-Token=xxxxxxxxxxxxxxxxxxxx (reused)
Oct 28, 2022 16:06:25.054 [0x7f221f095b38] DEBUG - Sync: onMyPlexSignIn
Oct 28, 2022 16:06:25.054 [0x7f221f095b38] WARN - Sync: Couldn't get sync lists without subscription.
Oct 28, 2022 16:06:25.066 [0x7f221f095b38] DEBUG - CERT: Certificate will not expire soon; we'll check again in a week.
Oct 28, 2022 16:06:25.066 [0x7f221c453b38] DEBUG - MyPlex: sendMapping resetting state - previous mapping state: 'Not Mapped'.
Oct 28, 2022 16:06:25.066 [0x7f221c453b38] DEBUG - MyPlex: mapping state set to 'Unknown'.
Oct 28, 2022 16:06:25.066 [0x7f221f095b38] DEBUG - MyPlex: Updating device connections (from timer: 0)
Oct 28, 2022 16:06:25.066 [0x7f221f095b38] DEBUG - [HCl#1b] HTTP requesting PUT https://plex.tv/devices/11e7817324ef984cf2fa3a3eea5330d6d10f44d4?Connection[][uri]=http://172.20.0.7:32400&httpsEnabled=1&httpsRequired=0&dnsRebindingProtection=0&X-Plex-Token=xxxxxxxxxxxxxxxxxxxx
Oct 28, 2022 16:06:25.067 [0x7f221c453b38] DEBUG - MyPlex: Sending Server Info to myPlex (user=charpentiervincent151000@gmail.com, ip=, port=0)
Oct 28, 2022 16:06:25.067 [0x7f221c453b38] DEBUG - [HCl#1c] HTTP requesting POST https://plex.tv/servers.xml?auth_token=xxxxxxxxxxxxxxxxxxxx
Oct 28, 2022 16:06:25.102 [0x7f22207a4b38] DEBUG - [HttpClient/HCl#1a] HTTP/2.0 (0.1s) 200 response from GET https://plex.tv/api/v2/features?X-Plex-Token=xxxxxxxxxxxxxxxxxxxx (reused)
Oct 28, 2022 16:06:25.109 [0x7f22256116f0] DEBUG - Waiting for server condition to be signaled.
Oct 28, 2022 16:06:25.112 [0x7f22207a4b38] DEBUG - [HttpClient/HCl#1b] HTTP/2.0 (0.0s) 200 response from PUT https://plex.tv/devices/11e7817324ef984cf2fa3a3eea5330d6d10f44d4?Connection[][uri]=http://172.20.0.7:32400&httpsEnabled=1&httpsRequired=0&dnsRebindingProtection=0&X-Plex-Token=xxxxxxxxxxxxxxxxxxxx (reused)
Oct 28, 2022 16:06:25.119 [0x7f22207a4b38] DEBUG - [HttpClient/HCl#1c] HTTP/2.0 (0.1s) 422 response from POST https://plex.tv/servers.xml?auth_token=xxxxxxxxxxxxxxxxxxxx (reused)
Oct 28, 2022 16:06:25.119 [0x7f221c453b38] DEBUG - MyPlex: Published Mapping State response was 422
Oct 28, 2022 16:06:25.119 [0x7f221c453b38] DEBUG - MyPlex: Got response for 11e7817324ef984cf2fa3a3eea5330d6d10f44d4 ~ registered :0
Oct 28, 2022 16:06:25.119 [0x7f221c453b38] DEBUG - MyPlex: updating mapped state - current state: 'Not Mapped'
Oct 28, 2022 16:06:25.119 [0x7f221c453b38] DEBUG - MyPlex: mapping state set to 'Not Mapped'.
Oct 28, 2022 16:06:25.457 [0x7f221f49bb38] DEBUG - Request: [127.0.0.1:59208 (Loopback)] GET /system/messaging/clear_events/com.plexapp.agents.imdb (3 live) #9 GZIP Signed-in Token (vincentc152)
Oct 28, 2022 16:06:25.457 [0x7f221f49bb38] DEBUG - [Req#9] [com.plexapp.system] Sending command over HTTP (GET): /system/messaging/clear_events/com.plexapp.agents.imdb
Oct 28, 2022 16:06:25.457 [0x7f221f49bb38] DEBUG - [Req#9/HCl#1d] HTTP requesting GET http://127.0.0.1:42007/system/messaging/clear_events/com.plexapp.agents.imdb
Oct 28, 2022 16:06:25.478 [0x7f22207a4b38] DEBUG - [HttpClient/HCl#1d] HTTP/1.1 (0.0s) 200 response from GET http://127.0.0.1:42007/system/messaging/clear_events/com.plexapp.agents.imdb (reused)
Oct 28, 2022 16:06:25.478 [0x7f221f49bb38] DEBUG - [Req#9] [com.plexapp.system] HTTP reply status 200, with 0 bytes of content.
Oct 28, 2022 16:06:25.478 [0x7f22216aeb38] DEBUG - Completed: [127.0.0.1:59208] 200 GET /system/messaging/clear_events/com.plexapp.agents.imdb (3 live) GZIP 21ms 280 bytes
Oct 28, 2022 16:06:25.582 [0x7f221f49bb38] DEBUG - Request: [127.0.0.1:59210 (Loopback)] GET /:/plugins/com.plexapp.system/resourceHashes (3 live) #e GZIP Signed-in Token (vincentc152)
Oct 28, 2022 16:06:25.582 [0x7f221f49bb38] DEBUG - [Req#e] [com.plexapp.system] Sending command over HTTP (GET): /:/plugins/com.plexapp.system/resourceHashes
Oct 28, 2022 16:06:25.582 [0x7f221f49bb38] DEBUG - [Req#e/HCl#1e] HTTP requesting GET http://127.0.0.1:42007/:/plugins/com.plexapp.system/resourceHashes
Oct 28, 2022 16:06:25.750 [0x7f22207a4b38] DEBUG - [HttpClient/HCl#1e] HTTP/1.1 (0.2s) 404 response from GET http://127.0.0.1:42007/:/plugins/com.plexapp.system/resourceHashes
Oct 28, 2022 16:06:25.750 [0x7f221f49bb38] DEBUG - [Req#e] [com.plexapp.system] HTTP reply status 404, with 0 bytes of content.
Oct 28, 2022 16:06:25.750 [0x7f22216aeb38] DEBUG - Completed: [127.0.0.1:59210] 404 GET /:/plugins/com.plexapp.system/resourceHashes (3 live) GZIP 167ms 261 bytes
Oct 28, 2022 16:06:25.799 [0x7f221f49bb38] DEBUG - Request: [127.0.0.1:59216 (Loopback)] GET /:/plugins/com.plexapp.system/messaging/function/X0J1bmRsZVNlcnZpY2U6QWxsU2VydmljZXM_/Y2VyZWFsMQoxCmxpc3QKMApyMAo_/Y2VyZWFsMQoxCmRpY3QKMApyMAo_ (3 live) #10 GZIP Signed-in Token (vincentc152)
Oct 28, 2022 16:06:25.799 [0x7f221f49bb38] DEBUG - [Req#10] [com.plexapp.system] Sending command over HTTP (GET): /:/plugins/com.plexapp.system/messaging/function/X0J1bmRsZVNlcnZpY2U6QWxsU2VydmljZXM_/Y2VyZWFsMQoxCmxpc3QKMApyMAo_/Y2VyZWFsMQoxCmRpY3QKMApyMAo_
Oct 28, 2022 16:06:25.799 [0x7f221f49bb38] DEBUG - [Req#10/HCl#1f] HTTP requesting GET http://127.0.0.1:42007/:/plugins/com.plexapp.system/messaging/function/X0J1bmRsZVNlcnZpY2U6QWxsU2VydmljZXM_/Y2VyZWFsMQoxCmxpc3QKMApyMAo_/Y2VyZWFsMQoxCmRpY3QKMApyMAo_
Oct 28, 2022 16:06:25.802 [0x7f221f095b38] DEBUG - Request: [127.0.0.1:59220 (Loopback)] GET / (4 live) #12 GZIP Signed-in Token (vincentc152)
Oct 28, 2022 16:06:25.803 [0x7f22216aeb38] DEBUG - Completed: [127.0.0.1:59220] 200 GET / (4 live) GZIP 0ms 3261 bytes
Oct 28, 2022 16:06:25.804 [0x7f22207a4b38] DEBUG - [HttpClient/HCl#1f] HTTP/1.1 (0.0s) 200 response from GET http://127.0.0.1:42007/:/plugins/com.plexapp.system/messaging/function/X0J1bmRsZVNlcnZpY2U6QWxsU2VydmljZXM_/Y2VyZWFsMQoxCmxpc3QKMApyMAo_/Y2VyZWFsMQoxCmRpY3QKMApyMAo_
Oct 28, 2022 16:06:25.805 [0x7f221f49bb38] DEBUG - [Req#10] [com.plexapp.system] HTTP reply status 200, with 516 bytes of content.
Oct 28, 2022 16:06:25.805 [0x7f22216aeb38] DEBUG - Completed: [127.0.0.1:59216] 200 GET /:/plugins/com.plexapp.system/messaging/function/X0J1bmRsZVNlcnZpY2U6QWxsU2VydmljZXM_/Y2VyZWFsMQoxCmxpc3QKMApyMAo_/Y2VyZWFsMQoxCmRpY3QKMApyMAo_ (3 live) GZIP 5ms 745 bytes
Oct 28, 2022 16:06:26.292 [0x7f221f095b38] DEBUG - Request: [127.0.0.1:59222 (Loopback)] GET /:/plugins/com.plexapp.system/messaging/function/X0FnZW50U2VydmljZTpVcGRhdGVJbmZv/Y2VyZWFsMQoxCmxpc3QKMApyMAo_/Y2VyZWFsMQo3CmRpY3QKbGlzdApkaWN0Cmxpc3QKbGlzdApsaXN0Cmxpc3QKMgpzMjMKY29tLnBsZXhhcHAuYWdlbnRzLmltZGJzMTAKaWRlbnRpZmllcnIxCnMxMAphZ2VudF9pbmZvMQpyMgoxMApyMwpzMTEKbWVkaWFfdHlwZXNyNApzMTIKYWNjZXB0c19mcm9tbnMxNApmYWxsYmFja19hZ2VudHI1CnMxNApjb250cmlidXRlc190b3I2CnM5Cmxhbmd1YWdlc2IxczIwCnBlcnNpc3Rfc3RvcmVkX2ZpbGVzaTAKczcKdmVyc2lvbmIxczE2CnByaW1hcnlfcHJvdmlkZXJiMXM1CnByZWZzczEwClBsZXggTW92aWVzNApuYW1lMQpzNQpNb3ZpZTEKczI5CmNvbS5wbGV4YXBwLmFnZW50cy5sb2NhbG1lZGlhMQpzMjkKY29tLnBsZXhhcHAuYWdlbnRzLnRoZW1vdmllZGIzMwpzMgplbnMyCnN2czIKZnJzMgplc3MyCm5sczIKZGVzMgppdHMyCmRhczIKYXJzMgpjYXMyCnpoczIKY3NzMgpldHMyCmZpczIKZWxzMgpoZXMyCmhpczIKaHVzMgppZHMyCmphczIKa29zMgpsdnMyCm5vczIKZmFzMgpwbHMyCnB0czIKcm9zMgpydXMyCnNrczIKdGhzMgp0cnMyCnVrczIKdmlyMAo_ (3 live) #13 GZIP Signed-in Token (vincentc152)
Oct 28, 2022 16:06:26.292 [0x7f221f095b38] DEBUG - [Req#13] [com.plexapp.system] Sending command over HTTP (GET): /:/plugins/com.plexapp.system/messaging/function/X0FnZW50U2VydmljZTpVcGRhdGVJbmZv/Y2VyZWFsMQoxCmxpc3QKMApyMAo_/Y2VyZWFsMQo3CmRpY3QKbGlzdApkaWN0Cmxpc3QKbGlzdApsaXN0Cmxpc3QKMgpzMjMKY29tLnBsZXhhcHAuYWdlbnRzLmltZGJzMTAKaWRlbnRpZmllcnIxCnMxMAphZ2VudF9pbmZvMQpyMgoxMApyMwpzMTEKbWVkaWFfdHlwZXNyNApzMTIKYWNjZXB0c19mcm9tbnMxNApmYWxsYmFja19hZ2VudHI1CnMxNApjb250cmlidXRlc190b3I2CnM5Cmxhbmd1YWdlc2IxczIwCnBlcnNpc3Rfc3RvcmVkX2ZpbGVzaTAKczcKdmVyc2lvbmIxczE2CnByaW1hcnlfcHJvdmlkZXJiMXM1CnByZWZzczEwClBsZXggTW92aWVzNApuYW1lMQpzNQpNb3ZpZTEKczI5CmNvbS5wbGV4YXBwLmFnZW50cy5sb2NhbG1lZGlhMQpzMjkKY29tLnBsZXhhcHAuYWdlbnRzLnRoZW1vdmllZGIzMwpzMgplbnMyCnN2czIKZnJzMgplc3MyCm5sczIKZGVzMgppdHMyCmRhczIKYXJzMgpjYXMyCnpoczIKY3NzMgpldHMyCmZpczIKZWxzMgpoZXMyCmhpczIKaHVzMgppZHMyCmphczIKa29zMgpsdnMyCm5vczIKZmFzMgpwbHMyCnB0czIKcm9zMgpydXMyCnNrczIKdGhzMgp0cnMyCnVrczIKdmlyMAo_
Oct 28, 2022 16:06:26.292 [0x7f221f095b38] DEBUG - [Req#13/HCl#20] HTTP requesting GET http://127.0.0.1:42007/:/plugins/com.plexapp.system/messaging/function/X0FnZW50U2VydmljZTpVcGRhdGVJbmZv/Y2VyZWFsMQoxCmxpc3QKMApyMAo_/Y2VyZWFsMQo3CmRpY3QKbGlzdApkaWN0Cmxpc3QKbGlzdApsaXN0Cmxpc3QKMgpzMjMKY29tLnBsZXhhcHAuYWdlbnRzLmltZGJzMTAKaWRlbnRpZmllcnIxCnMxMAphZ2VudF9pbmZvMQpyMgoxMApyMwpzMTEKbWVkaWFfdHlwZXNyNApzMTIKYWNjZXB0c19mcm9tbnMxNApmYWxsYmFja19hZ2VudHI1CnMxNApjb250cmlidXRlc190b3I2CnM5Cmxhbmd1YWdlc2IxczIwCnBlcnNpc3Rfc3RvcmVkX2ZpbGVzaTAKczcKdmVyc2lvbmIxczE2CnByaW1hcnlfcHJvdmlkZXJiMXM1CnByZWZzczEwClBsZXggTW92aWVzNApuYW1lMQpzNQpNb3ZpZTEKczI5CmNvbS5wbGV4YXBwLmFnZW50cy5sb2NhbG1lZGlhMQpzMjkKY29tLnBsZXhhcHAuYWdlbnRzLnRoZW1vdmllZGIzMwpzMgplbnMyCnN2czIKZnJzMgplc3MyCm5sczIKZGVzMgppdHMyCmRhczIKYXJzMgpjYXMyCnpoczIKY3NzMgpldHMyCmZpczIKZWxzMgpoZXMyCmhpczIKaHVzMgppZHMyCmphczIKa29zMgpsdnMyCm5vczIKZmFzMgpwbHMyCnB0czIKcm9zMgpydXMyCnNrczIKdGhzMgp0cnMyCnVrczIKdmlyMAo_
Oct 28, 2022 16:06:26.297 [0x7f22207a4b38] DEBUG - [HttpClient/HCl#20] HTTP/1.1 (0.0s) 200 response from GET http://127.0.0.1:42007/:/plugins/com.plexapp.system/messaging/function/X0FnZW50U2VydmljZTpVcGRhdGVJbmZv/Y2VyZWFsMQoxCmxpc3QKMApyMAo_/Y2VyZWFsMQo3CmRpY3QKbGlzdApkaWN0Cmxpc3QKbGlzdApsaXN0Cmxpc3QKMgpzMjMKY29tLnBsZXhhcHAuYWdlbnRzLmltZGJzMTAKaWRlbnRpZmllcnIxCnMxMAphZ2VudF9pbmZvMQpyMgoxMApyMwpzMTEKbWVkaWFfdHlwZXNyNApzMTIKYWNjZXB0c19mcm9tbnMxNApmYWxsYmFja19hZ2VudHI1CnMxNApjb250cmlidXRlc190b3I2CnM5Cmxhbmd1YWdlc2IxczIwCnBlcnNpc3Rfc3RvcmVkX2ZpbGVzaTAKczcKdmVyc2lvbmIxczE2CnByaW1hcnlfcHJvdmlkZXJiMXM1CnByZWZzczEwClBsZXggTW92aWVzNApuYW1lMQpzNQpNb3ZpZTEKczI5CmNvbS5wbGV4YXBwLmFnZW50cy5sb2NhbG1lZGlhMQpzMjkKY29tLnBsZXhhcHAuYWdlbnRzLnRoZW1vdmllZGIzMwpzMgplbnMyCnN2czIKZnJzMgplc3MyCm5sczIKZGVzMgppdHMyCmRhczIKYXJzMgpjYXMyCnpoczIKY3NzMgpldHMyCmZpczIKZWxzMgpoZXMyCmhpczIKaHVzMgppZHMyCmphczIKa29zMgpsdnMyCm5vczIKZmFzMgpwbHMyCnB0czIKcm9zMgpydXMyCnNrczIKdGhzMgp0cnMyCnVrczIKdmlyMAo_
Oct 28, 2022 16:06:26.297 [0x7f221f095b38] DEBUG - [Req#13] [com.plexapp.system] HTTP reply status 200, with 16 bytes of content.
Oct 28, 2022 16:06:26.297 [0x7f22216aeb38] DEBUG - Completed: [127.0.0.1:59222] 200 GET /:/plugins/com.plexapp.system/messaging/function/X0FnZW50U2VydmljZTpVcGRhdGVJbmZv/Y2VyZWFsMQoxCmxpc3QKMApyMAo_/Y2VyZWFsMQo3CmRpY3QKbGlzdApkaWN0Cmxpc3QKbGlzdApsaXN0Cmxpc3QKMgpzMjMKY29tLnBsZXhhcHAuYWdlbnRzLmltZGJzMTAKaWRlbnRpZmllcnIxCnMxMAphZ2VudF9pbmZvMQpyMgoxMApyMwpzMTEKbWVkaWFfdHlwZXNyNApzMTIKYWNjZXB0c19mcm9tbnMxNApmYWxsYmFja19hZ2VudHI1CnMxNApjb250cmlidXRlc190b3I2CnM5Cmxhbmd1YWdlc2IxczIwCnBlcnNpc3Rfc3RvcmVkX2ZpbGVzaTAKczcKdmVyc2lvbmIxczE2CnByaW1hcnlfcHJvdmlkZXJiMXM1CnByZWZzczEwClBsZXggTW92aWVzNApuYW1lMQpzNQpNb3ZpZTEKczI5CmNvbS5wbGV4YXBwLmFnZW50cy5sb2NhbG1lZGlhMQpzMjkKY29tLnBsZXhhcHAuYWdlbnRzLnRoZW1vdmllZGIzMwpzMgplbnMyCnN2czIKZnJzMgplc3MyCm5sczIKZGVzMgppdHMyCmRhczIKYXJzMgpjYXMyCnpoczIKY3NzMgpldHMyCmZpczIKZWxzMgpoZXMyCmhpczIKaHVzMgppZHMyCmphczIKa29zMgpsdnMyCm5vczIKZmFzMgpwbHMyCnB0czIKcm9zMgpydXMyCnNrczIKdGhzMgp0cnMyCnVrczIKdmlyMAo_ (3 live) GZIP 5ms 415 bytes
Oct 28, 2022 16:06:26.304 [0x7f221c656b38] DEBUG - [Req#b] Reading 148 bytes in the body, code is 200
Oct 28, 2022 16:06:26.304 [0x7f221c656b38] DEBUG - [Req#b] [com.plexapp.agents.imdb] Plug-in running on port 33065.
Oct 28, 2022 16:06:26.304 [0x7f221c656b38] DEBUG - [Req#b] Read configuration for [com.plexapp.agents.imdb], had 0 prefixes
Oct 28, 2022 16:06:26.306 [0x7f221c656b38] DEBUG - [Req#b] [com.plexapp.agents.imdb] Sending command over HTTP (GET): /:/plugins/com.plexapp.agents.imdb/prefs
Oct 28, 2022 16:06:26.306 [0x7f221c656b38] DEBUG - [Req#b/HCl#21] HTTP requesting GET http://127.0.0.1:33065/:/plugins/com.plexapp.agents.imdb/prefs
Oct 28, 2022 16:06:26.394 [0x7f22207a4b38] DEBUG - [HttpClient/HCl#21] HTTP/1.1 (0.1s) 200 response from GET http://127.0.0.1:33065/:/plugins/com.plexapp.agents.imdb/prefs
Oct 28, 2022 16:06:26.394 [0x7f221c656b38] DEBUG - [Req#b] [com.plexapp.agents.imdb] HTTP reply status 200, with 2224 bytes of content.
Oct 28, 2022 16:06:26.394 [0x7f221c656b38] DEBUG - Caching document http://127.0.0.1:32400/:/plugins/com.plexapp.agents.imdb/prefs as 2eba5ed3d034591fa0878bd5b3b7314bb6b4ce0e
Oct 28, 2022 16:06:26.394 [0x7f221c656b38] DEBUG - IVA: Downloading trailer lists.
Oct 28, 2022 16:06:26.475 [0x7f221c656b38] DEBUG - IVA: Downloaded 49 trailers for source 1.
Oct 28, 2022 16:06:26.503 [0x7f221c656b38] DEBUG - IVA: Downloaded 27 trailers for source 2.
Oct 28, 2022 16:06:29.711 [0x7f221ec8fb38] DEBUG - NetworkServiceBrowser: SERVER arrived: 127.0.0.1 (vincent_plex)
Oct 28, 2022 16:06:29.711 [0x7f221ec8fb38] DEBUG - Notifying the system bundle an update to server /system/notify/serverUpdated?host=127.0.0.1
Oct 28, 2022 16:06:29.711 [0x7f221ec8fb38] DEBUG - [com.plexapp.system] Sending command over HTTP (GET): /system/notify/serverUpdated?host=127.0.0.1
Oct 28, 2022 16:06:29.711 [0x7f221ec8fb38] DEBUG - [HCl#26] HTTP requesting GET http://127.0.0.1:42007/system/notify/serverUpdated?host=127.0.0.1
Oct 28, 2022 16:06:29.727 [0x7f221f49bb38] DEBUG - Request: [127.0.0.1:59242 (Loopback)] GET /servers (3 live) #16 GZIP Signed-in Token (vincentc152)
Oct 28, 2022 16:06:29.727 [0x7f22218b1b38] DEBUG - Completed: [127.0.0.1:59242] 200 GET /servers (3 live) GZIP 0ms 489 bytes
Oct 28, 2022 16:06:29.732 [0x7f22207a4b38] DEBUG - [HttpClient/HCl#26] HTTP/1.1 (0.0s) 200 response from GET http://127.0.0.1:42007/system/notify/serverUpdated?host=127.0.0.1
Oct 28, 2022 16:06:29.732 [0x7f221ec8fb38] DEBUG - [com.plexapp.system] HTTP reply status 200, with 0 bytes of content.
Oct 28, 2022 16:06:29.880 [0x7f222018cb38] DEBUG - [PubsubServerManager/process/HCl#27] HTTP requesting GET https://plex.tv/services/pubsub/servers
Oct 28, 2022 16:06:29.975 [0x7f22207a4b38] DEBUG - [HttpClient/HCl#27] HTTP/2.0 (0.1s) 200 response from GET https://plex.tv/services/pubsub/servers
Oct 28, 2022 16:06:30.690 [0x7f222018cb38] DEBUG - [PubsubServerManager/process] Time to connect to 178.79.180.168 was 36 ms.
Oct 28, 2022 16:06:30.690 [0x7f222018cb38] DEBUG - [PubsubServerManager/process] Time to connect to 176.58.107.84 was 38 ms.
Oct 28, 2022 16:06:30.690 [0x7f222018cb38] DEBUG - [PubsubServerManager/process] Time to connect to 172.104.145.70 was 44 ms.
Oct 28, 2022 16:06:30.690 [0x7f222018cb38] DEBUG - [PubsubServerManager/process] Time to connect to 172.104.217.190 was 272 ms.
Oct 28, 2022 16:06:30.690 [0x7f222018cb38] DEBUG - [PubsubServerManager/process] Time to connect to 172.105.29.107 was 272 ms.
Oct 28, 2022 16:06:30.690 [0x7f222018cb38] DEBUG - [PubsubServerManager/process] Time to connect to 66.228.61.220 was 287 ms.
Oct 28, 2022 16:06:30.690 [0x7f222018cb38] DEBUG - [PubsubServerManager/process] Time to connect to 45.33.125.156 was 353 ms.
Oct 28, 2022 16:06:30.690 [0x7f222018cb38] DEBUG - [PubsubServerManager/process] Time to connect to 184.105.148.82 was 412 ms.
Oct 28, 2022 16:06:30.690 [0x7f222018cb38] DEBUG - [PubsubServerManager/process] Time to connect to 139.162.120.52 was 664 ms.
Oct 28, 2022 16:06:30.690 [0x7f222018cb38] DEBUG - [PubsubServerManager/process] Time to connect to 172.104.173.210 was 713 ms.
Oct 28, 2022 16:06:30.690 [0x7f222018cb38] DEBUG - [PubsubServerManager/process] Another server (178.79.180.168) beat the current one (176.58.107.84).
Oct 28, 2022 16:06:30.702 [0x7f222018cb38] DEBUG - [PubsubServerManager/process] Updating best host to 178.79.180.168.
Oct 28, 2022 16:06:30.706 [0x7f222018cb38] DEBUG - [PubsubServerManager/process] Updating best ping time for 178.79.180.168 to 36 ms.
Oct 28, 2022 16:06:30.706 [0x7f22218b1b38] DEBUG - [EventSourceClient/pubsub/176.58.107.84:443] Stopping.
Oct 28, 2022 16:06:30.706 [0x7f22218b1b38] DEBUG - [EventSourceClient/pubsub/178.79.180.168:443] Resolving 178.79.180.168 port 443
Oct 28, 2022 16:06:30.706 [0x7f22218b1b38] DEBUG - [EventSourceClient/pubsub/178.79.180.168:443] Resolved 178.79.180.168 to 178.79.180.168:443
Oct 28, 2022 16:06:30.707 [0x7f22216aeb38] DEBUG - [EventSourceClient/pubsub/176.58.107.84:443] Failure: 125 - Operation canceled.
Oct 28, 2022 16:06:30.741 [0x7f22216aeb38] DEBUG - [EventSourceClient/pubsub/178.79.180.168:443] Connected in 35 ms.
Oct 28, 2022 16:06:30.741 [0x7f22216aeb38] DEBUG - [EventSourceClient/pubsub/178.79.180.168:443] Wrote data, reading reply.
Oct 28, 2022 16:06:30.851 [0x7f22218b1b38] DEBUG - [EventSourceClient/pubsub/178.79.180.168:443] Read HTTP reply header.
Oct 28, 2022 16:06:30.851 [0x7f22218b1b38] DEBUG - [EventSourceClient/pubsub/178.79.180.168:443] MyPlex: We appear to have regained Internet connectivity.
Oct 28, 2022 16:06:30.857 [0x7f22218b1b38] DEBUG - [EventSourceClient/pubsub/178.79.180.168:443] PublicAddressManager: Obtaining public address and mapping port.
Oct 28, 2022 16:06:30.857 [0x7f22218b1b38] DEBUG - [EventSourceClient/pubsub/178.79.180.168:443] MyPlex: async reachability check - current mapped state: 'Not Mapped'.
Oct 28, 2022 16:06:30.857 [0x7f22218b1b38] WARN - [EventSourceClient/pubsub/178.79.180.168:443] MyPlex: attempted a reachability check but we're not yet mapped.
Oct 28, 2022 16:06:30.857 [0x7f22218b1b38] DEBUG - [EventSourceClient/pubsub/178.79.180.168:443] Successfully connected to 178.79.180.168.
Oct 28, 2022 16:06:33.037 [0x7f2220390b38] DEBUG - DVR:Device: Discovering and refreshing all devices.
Oct 28, 2022 16:06:33.037 [0x7f2220390b38] DEBUG - Grabber: HDHomerun discovered 0 compatible devices.
Oct 28, 2022 16:06:33.038 [0x7f2220390b38] DEBUG - [HCl#28] HTTP requesting POST http://127.0.0.1:32600/devices/discover
Oct 28, 2022 16:06:34.879 [0x7f221e889b38] DEBUG - [HCl#29] HTTP requesting GET https://plex.tv/api/resources.xml?includeHttps=1&includeRelay=1&auth_token=xxxxxxxxxxxxxxxxxxxx
Oct 28, 2022 16:06:34.897 [0x7f221de7ab38] DEBUG - Grabber: Cleaning up orphaned grabs.
Oct 28, 2022 16:06:34.897 [0x7f221de7ab38] DEBUG - Grabber: Cleaned up 0 decrepit directories in 0.0 sec.
Oct 28, 2022 16:06:34.901 [0x7f221de7ab38] DEBUG - Activity: registered new activity 2dc0ad33-40d6-4ab5-a642-25b5234d9a0d - "Processing subscriptions"
Oct 28, 2022 16:06:34.901 [0x7f221de7ab38] DEBUG - Subscription: Scheduling subscriptions.
Oct 28, 2022 16:06:34.902 [0x7f221de7ab38] DEBUG - Subscription: Initialized 0 schedulers.
Oct 28, 2022 16:06:34.902 [0x7f221de7ab38] DEBUG - Subscription: Starting with 0 grabs, scheduled 0 active ones preemptively.
Oct 28, 2022 16:06:34.902 [0x7f221de7ab38] DEBUG - Subscription: Scheduled all subscriptions in 1 ms.
Oct 28, 2022 16:06:34.905 [0x7f221de7ab38] DEBUG - Activity: Ended activity 2dc0ad33-40d6-4ab5-a642-25b5234d9a0d.
Oct 28, 2022 16:06:34.908 [0x7f221de7ab38] DEBUG - Subscription: There are 0 active grabs at the end.
Oct 28, 2022 16:06:34.913 [0x7f221de7ab38] DEBUG - Activity: Ended activity cd99eabb-a88e-416a-a947-6b686659cd76.
Oct 28, 2022 16:06:34.915 [0x7f221de7ab38] DEBUG - Subscription: Refreshed all content in 18 ms.
Oct 28, 2022 16:06:34.928 [0x7f22207a4b38] DEBUG - [HttpClient/HCl#29] HTTP/2.0 (0.0s) 200 response from GET https://plex.tv/api/resources.xml?includeHttps=1&includeRelay=1&auth_token=xxxxxxxxxxxxxxxxxxxx (reused)
Oct 28, 2022 16:06:34.931 [0x7f221e889b38] DEBUG - Media Server: Tested all servers in 0.0 seconds.
Oct 28, 2022 16:06:35.481 [0x7f22207a4b38] DEBUG - [HttpClient/HCl#28] HTTP/1.1 (2.4s) 200 response from POST http://127.0.0.1:32600/devices/discover
Oct 28, 2022 16:06:35.870 [0x7f2221ae3b38] DEBUG - Shutting down with signal 15 (Terminated)
Oct 28, 2022 16:06:35.870 [0x7f2221ae3b38] DEBUG - Ordered to stop server.
Oct 28, 2022 16:06:35.870 [0x7f22256116f0] DEBUG - Stopping server...
Oct 28, 2022 16:06:35.870 [0x7f22256116f0] DEBUG - HttpServer: Stopping server.
Oct 28, 2022 16:06:35.870 [0x7f22213a9b38] DEBUG - MetadataItemClusterRequestHandler: a shutdown event has been received
Oct 28, 2022 16:06:35.870 [0x7f22213a9b38] DEBUG - TranscodeJobManager: [Running] onServerShutdown
Oct 28, 2022 16:06:35.870 [0x7f22213a9b38] DEBUG - TranscodeJobManager: [Running] -> [Shutdown]
Oct 28, 2022 16:06:35.870 [0x7f22256116f0] DEBUG - Server stopped.
Oct 28, 2022 16:06:35.870 [0x7f22256116f0] DEBUG - NetworkService: Stopping advertisement.
Oct 28, 2022 16:06:35.870 [0x7f221ec8fb38] ERROR - Network Service: Error in advertiser handle read: 125 (Operation canceled) socket=69
Oct 28, 2022 16:06:35.870 [0x7f22256116f0] DEBUG - Killing plug-ins.
Oct 28, 2022 16:06:35.885 [0x7f22256116f0] DEBUG - [com.plexapp.agents.imdb] Killing.
Oct 28, 2022 16:06:35.887 [0x7f2221ae3b38] WARN - JobManager: Could not find job for handle 273
Oct 28, 2022 16:06:35.895 [0x7f22256116f0] DEBUG - [com.plexapp.system] Killing.
Oct 28, 2022 16:06:35.899 [0x7f2221ae3b38] WARN - JobManager: Could not find job for handle 169
Oct 28, 2022 16:06:35.903 [0x7f22256116f0] DEBUG - ChildProcessMonitor: Waiting for Plex Tuner Service to exit.
Oct 28, 2022 16:06:35.903 [0x7f22256116f0] DEBUG - [JobRunner] Signalling job ID 241 with 2
Oct 28, 2022 16:06:35.926 [0x7f2221ae3b38] DEBUG - Jobs: '/usr/lib/plexmediaserver/Plex Tuner Service' exit code for process 241 is 0 (success)
Oct 28, 2022 16:06:35.926 [0x7f221e686b38] DEBUG - [ChildProcessMonitor] Plex Tuner Service exited.
Oct 28, 2022 16:06:35.927 [0x7f22256116f0] DEBUG - Database: Shutting down.
Oct 28, 2022 16:06:35.970 [0x7f221ec8fb38] INFO - Network Service: Abandoning advertise socket, it was closed.
Oct 28, 2022 16:06:35.982 [0x7f22256116f0] DEBUG - Database: Shutting down.
